0 info it worked if it ends with ok
1 verbose cli [ '/usr/local/Cellar/node/7.4.0/bin/node',
1 verbose cli   '/usr/local/bin/npm',
1 verbose cli   'publish' ]
2 info using npm@4.0.5
3 info using node@v7.4.0
4 verbose publish [ '.' ]
5 silly cache add args [ '.', null ]
6 verbose cache add spec .
7 silly cache add parsed spec Result {
7 silly cache add   raw: '.',
7 silly cache add   scope: null,
7 silly cache add   escapedName: null,
7 silly cache add   name: null,
7 silly cache add   rawSpec: '.',
7 silly cache add   spec: '/Users/shunjizhan/projects/React-Folder-Tree',
7 silly cache add   type: 'directory' }
8 verbose addLocalDirectory /Users/shunjizhan/.npm/react-folder-tree/1.3.0/package.tgz not in flight; packing
9 verbose correctMkdir /Users/shunjizhan/.npm correctMkdir not in flight; initializing
10 warn prepublish-on-install As of npm@5, `prepublish` scripts will run only for `npm publish`.
11 warn prepublish-on-install (In npm@4 and previous versions, it also runs for `npm install`.)
12 warn prepublish-on-install See the deprecation note in `npm help scripts` for more information.
13 info lifecycle react-folder-tree@1.3.0~prepublish: react-folder-tree@1.3.0
14 verbose lifecycle react-folder-tree@1.3.0~prepublish: unsafe-perm in lifecycle true
15 verbose lifecycle react-folder-tree@1.3.0~prepublish: PATH: /usr/local/lib/node_modules/npm/bin/node-gyp-bin:/Users/shunjizhan/projects/React-Folder-Tree/node_modules/.bin:/Users/shunjizhan/.rvm/gems/ruby-2.3.1/bin:/Users/shunjizhan/.rvm/gems/ruby-2.3.1@global/bin:/Users/shunjizhan/.rvm/rubies/ruby-2.3.1/bin:/usr/local/bin:/usr/local/bin:/usr/bin:/bin:/usr/sbin:/sbin:/Users/shunjizhan/.rvm/bin:/usr/local/opt/openssl/bin
16 verbose lifecycle react-folder-tree@1.3.0~prepublish: CWD: /Users/shunjizhan/projects/React-Folder-Tree
17 silly lifecycle react-folder-tree@1.3.0~prepublish: Args: [ '-c', 'npm run build' ]
18 silly lifecycle react-folder-tree@1.3.0~prepublish: Returned: code: 0  signal: null
19 info lifecycle react-folder-tree@1.3.0~prepare: react-folder-tree@1.3.0
20 silly lifecycle react-folder-tree@1.3.0~prepare: no script for prepare, continuing
21 verbose tar pack [ '/Users/shunjizhan/.npm/react-folder-tree/1.3.0/package.tgz',
21 verbose tar pack   '/Users/shunjizhan/projects/React-Folder-Tree' ]
22 verbose tarball /Users/shunjizhan/.npm/react-folder-tree/1.3.0/package.tgz
23 verbose folder /Users/shunjizhan/projects/React-Folder-Tree
24 verbose addLocalTarball adding from inside cache /Users/shunjizhan/.npm/react-folder-tree/1.3.0/package.tgz
25 verbose correctMkdir /Users/shunjizhan/.npm correctMkdir not in flight; initializing
26 silly cache afterAdd react-folder-tree@1.3.0
27 verbose afterAdd /Users/shunjizhan/.npm/react-folder-tree/1.3.0/package/package.json not in flight; writing
28 verbose correctMkdir /Users/shunjizhan/.npm correctMkdir not in flight; initializing
29 verbose afterAdd /Users/shunjizhan/.npm/react-folder-tree/1.3.0/package/package.json written
30 silly publish { name: 'react-folder-tree',
30 silly publish   author: { name: 'Shunji Zhan' },
30 silly publish   github: 'https://github.com/shunjizhan/React-Folder-Tree',
30 silly publish   version: '1.3.0',
30 silly publish   private: false,
30 silly publish   main: 'build/index.js',
30 silly publish   devDependencies:
30 silly publish    { autoprefixer: '6.7.2',
30 silly publish      'babel-core': '6.22.1',
30 silly publish      'babel-eslint': '7.1.1',
30 silly publish      'babel-jest': '18.0.0',
30 silly publish      'babel-loader': '6.2.10',
30 silly publish      'babel-preset-react-app': '^2.1.0',
30 silly publish      'babel-runtime': '^6.20.0',
30 silly publish      'case-sensitive-paths-webpack-plugin': '1.1.4',
30 silly publish      chalk: '1.1.3',
30 silly publish      'connect-history-api-fallback': '1.3.0',
30 silly publish      'cross-spawn': '4.0.2',
30 silly publish      'css-loader': '^0.26.1',
30 silly publish      'detect-port': '1.0.1',
30 silly publish      dotenv: '2.0.0',
30 silly publish      eslint: '3.8.1',
30 silly publish      'eslint-config-react-app': '^0.5.1',
30 silly publish      'eslint-loader': '1.6.0',
30 silly publish      'eslint-plugin-flowtype': '2.21.0',
30 silly publish      'eslint-plugin-import': '2.0.1',
30 silly publish      'eslint-plugin-jsx-a11y': '2.2.3',
30 silly publish      'eslint-plugin-react': '6.4.1',
30 silly publish      'extract-text-webpack-plugin': '1.0.1',
30 silly publish      'file-loader': '0.10.0',
30 silly publish      filesize: '3.3.0',
30 silly publish      'fs-extra': '0.30.0',
30 silly publish      'gzip-size': '3.0.0',
30 silly publish      'html-webpack-plugin': '2.24.0',
30 silly publish      'http-proxy-middleware': '0.17.3',
30 silly publish      jest: '18.1.0',
30 silly publish      'json-loader': '0.5.4',
30 silly publish      'node-sass': '^4.5.0',
30 silly publish      'object-assign': '4.1.1',
30 silly publish      'postcss-loader': '1.2.2',
30 silly publish      promise: '7.1.1',
30 silly publish      'react-dev-utils': '^0.5.0',
30 silly publish      'recursive-readdir': '2.1.0',
30 silly publish      'sass-loader': '^6.0.2',
30 silly publish      'strip-ansi': '3.0.1',
30 silly publish      'style-loader': '^0.13.1',
30 silly publish      'url-loader': '0.5.7',
30 silly publish      webpack: '1.14.0',
30 silly publish      'webpack-dev-server': '1.16.2',
30 silly publish      'webpack-manifest-plugin': '1.1.0',
30 silly publish      'whatwg-fetch': '2.0.2' },
30 silly publish   dependencies:
30 silly publish    { 'babel-plugin-transform-decorators-legacy': '^1.3.4',
30 silly publish      'babel-plugin-transform-react-jsx': '^6.23.0',
30 silly publish      'babel-plugin-transform-runtime': '^6.23.0',
30 silly publish      'babel-preset-stage-0': '^6.22.0',
30 silly publish      'extract-text-webpack-plugin': '^1.0.1',
30 silly publish      react: '^15.4.2',
30 silly publish      'react-addons-shallow-compare': '^15.4.2',
30 silly publish      'react-dom': '^15.4.2',
30 silly publish      'react-fontawesome': '^1.5.0',
30 silly publish      'react-redux': '^5.0.2',
30 silly publish      redux: '^3.6.0' },
30 silly publish   scripts:
30 silly publish    { start: 'node scripts/start.js',
30 silly publish      build: 'NODE_ENV=\'production\' webpack --progress --display-error-details --colors -p --config ./config/webpack.config.prod.js',
30 silly publish      test: 'node scripts/test.js --env=jsdom',
30 silly publish      prepublish: 'npm run build' },
30 silly publish   jest:
30 silly publish    { collectCoverageFrom: [ 'src/**/*.{js,jsx}' ],
30 silly publish      setupFiles: [ '<rootDir>/config/polyfills.js' ],
30 silly publish      testPathIgnorePatterns: [ '<rootDir>[/\\\\](build|docs|node_modules|scripts)[/\\\\]' ],
30 silly publish      testEnvironment: 'node',
30 silly publish      testURL: 'http://localhost',
30 silly publish      transform:
30 silly publish       { '^.+\.(js|jsx)$': '<rootDir>/node_modules/babel-jest',
30 silly publish         '^.+\.css$': '<rootDir>/config/jest/cssTransform.js',
30 silly publish         '^(?!.*\.(js|jsx|css|json)$)': '<rootDir>/config/jest/fileTransform.js' },
30 silly publish      transformIgnorePatterns: [ '[/\\\\]node_modules[/\\\\].+\\.(js|jsx)$' ],
30 silly publish      moduleNameMapper: { '^react-native$': 'react-native-web' } },
30 silly publish   babel: { presets: [ 'react-app' ] },
30 silly publish   eslintConfig: { extends: 'react-app' },
30 silly publish   readme: '# Introduction  \n\nThis is a folder tree written in ReactJS. It will build the tree after feeding data.\n\nWe can click each folder to expand it, and check (or uncheck) each folder and file. Check (or uncheck) each folder will automatically check (or uncheck) all sub-folders, including all the files in these folders. If part of the sub-folders or files in a folder are checked, this folder will display a half check.\n\nEach time the checked folders/files change, console will print out the structure of the data tree that contains all the checked folders/files.\n\n# Sample Tree:\n\n![](https://github.com/shunjizhan/React-Folder-Tree/blob/master/sample.png?raw=true)\n\n\n# To Install: \n\tnpm install react-folder-tree\n\n# To Run: \n\n\timport React from \'react\';\n\timport ReactDOM from \'react-dom\';\n\timport FolderTree from \'react-folder-tree\';\n\n\tconst testData = YOUR DATA\n\n\tReactDOM.render(\t\t \t\n\t  <FolderTree      \n\t    data={testData}       \n\t  />,        \n\t\tdocument.getElementById(\'root\')      \n\t)     \n\n# Data Format:\t\n\n\t{\t\t\t\t \n\t\tid: number,    \t\t\t\n\t\tfilename: string,\t     \t\t\n\t\tcatagory: \'file\' or \'folder\',\t    \t\t\n\t\tchildren: array of *this*\t       \t\t\t\t\n\t}\t\t\n\n# Sample Data:\n\n\tconst testData = {\n\t  "id": 1,\n\t  "filename": "All Categories",\n\t  "category": "folder",\n\t  "children": [\n\t    {\n\t      "id": 2,\n\t      "filename": "For Sale",\n\t      "category": "folder",\n\t      "children": [\n\t        {\n\t          "id": 3,\n\t          "filename": "Audio & Stereo",\n\t          "category": "folder",\n\t          "children": [\n\t    {\n\t      "id": 4,\n\t      "filename": "For Sale",\n\t      "category": "folder",\n\t      "children": [\n\t        {\n\t          "id": 5,\n\t          "filename": "Audio & Stereo",\n\t          "category": "file"\n\t        },\n\t        {\n\t          "id": 6,\n\t          "filename": "Baby & Kids Stuff",\n\t          "category": "file"\n\t        },\n\t        {\n\t          "id": 7,\n\t          "filename": "Music, Films, Books & Games",\n\t          "category": "file"\n\t        }\n\t      ]\n\t    },\n\t    {\n\t      "id": 8,\n\t      "filename": "Motors",\n\t      "category": "folder",\n\t      "children": [\n\t        {\n\t          "id": 9,\n\t          "filename": "Car Parts & Accessories",\n\t          "category": "file"\n\t        },\n\t        {\n\t          "id": 10,\n\t          "filename": "Cars",\n\t          "category": "file"\n\t        },\n\t        {\n\t          "id": 11,\n\t          "filename": "Motorbike Parts & Accessories",\n\t          "category": "file"\n\t        }\n\t      ]\n\t    },\n\t    {\n\t      "id": 12,\n\t      "filename": "Jobs",\n\t      "category": "folder",\n\t      "children": [\n\t        {\n\t          "id": 13,\n\t          "filename": "Accountancy",\n\t          "category": "file"\n\t        },\n\t        {\n\t          "id": 14,\n\t          "filename": "Financial Services & Insurance",\n\t          "category": "file"\n\t        },\n\t        {\n\t          "id": 15,\n\t          "filename": "Bar Staff & Management",\n\t          "category": "file"\n\t        }\n\t      ]\n\t    }\n\t  ]\n\t        },\n\t        {\n\t          "id": 16,\n\t          "filename": "Baby & Kids Stuff",\n\t          "category": "file"\n\t        },\n\t        {\n\t          "id": 17,\n\t          "filename": "Music, Films, Books & Games",\n\t          "category": "file"\n\t        }\n\t      ]\n\t    },\n\t    {\n\t      "id": 18,\n\t      "filename": "Motors",\n\t      "category": "folder",\n\t      "children": [\n\t        {\n\t          "id": 19,\n\t          "filename": "Car Parts & Accessories",\n\t          "category": "file"\n\t        },\n\t        {\n\t          "id": 20,\n\t          "filename": "Cars",\n\t          "category": "file"\n\t        },\n\t        {\n\t          "id": 21,\n\t          "filename": "Motorbike Parts & Accessories",\n\t          "category": "file"\n\t        }\n\t      ]\n\t    },\n\t    {\n\t      "id": 22,\n\t      "filename": "Jobs",\n\t      "category": "folder",\n\t      "children": [\n\t        {\n\t          "id": 23,\n\t          "filename": "Accountancy",\n\t          "category": "file"\n\t        },\n\t        {\n\t          "id": 24,\n\t          "filename": "Financial Services & Insurance",\n\t          "category": "file"\n\t        },\n\t        {\n\t          "id": 25,\n\t          "filename": "Bar Staff & Management",\n\t          "category": "file"\n\t        }\n\t      ]\n\t    }\n\t  ]\n\t}\t\t\n\n# Resources\n\nTesting data is from [here](http://codepen.io/anon/pen/Ftkln?editors=0010)\n\nIcons are from [here](https://www.npmjs.com/package/react-fontawesome)',
30 silly publish   readmeFilename: 'README.md',
30 silly publish   gitHead: '563814dd0f6e046be1a0a615e70623b5184c4aec',
30 silly publish   description: 'This is a folder tree written in ReactJS. It will build the tree after feeding data.',
30 silly publish   _id: 'react-folder-tree@1.3.0',
30 silly publish   _shasum: '0c0305a8fa2e520b2f2bffc2595f19e98e238dcc',
30 silly publish   _from: '.' }
31 info lifecycle react-folder-tree@1.3.0~prepublishOnly: react-folder-tree@1.3.0
32 silly lifecycle react-folder-tree@1.3.0~prepublishOnly: no script for prepublishOnly, continuing
33 verbose getPublishConfig undefined
34 silly mapToRegistry name react-folder-tree
35 silly mapToRegistry using default registry
36 silly mapToRegistry registry https://registry.npmjs.org/
37 silly mapToRegistry data Result {
37 silly mapToRegistry   raw: 'react-folder-tree',
37 silly mapToRegistry   scope: null,
37 silly mapToRegistry   escapedName: 'react-folder-tree',
37 silly mapToRegistry   name: 'react-folder-tree',
37 silly mapToRegistry   rawSpec: '',
37 silly mapToRegistry   spec: 'latest',
37 silly mapToRegistry   type: 'tag' }
38 silly mapToRegistry uri https://registry.npmjs.org/react-folder-tree
39 verbose publish registryBase https://registry.npmjs.org/
40 silly publish uploading /Users/shunjizhan/.npm/react-folder-tree/1.3.0/package.tgz
41 verbose request uri https://registry.npmjs.org/react-folder-tree
42 verbose request sending authorization for write operation
43 info attempt registry request try #1 at 11:27:00 AM
44 verbose request using bearer token for auth
45 verbose request id 407c2e6f7123f720
46 http request PUT https://registry.npmjs.org/react-folder-tree
47 http 403 https://registry.npmjs.org/react-folder-tree
48 verbose headers { 'content-type': 'application/json',
48 verbose headers   'cache-control': 'max-age=300',
48 verbose headers   'content-length': '95',
48 verbose headers   'accept-ranges': 'bytes',
48 verbose headers   date: 'Fri, 03 Mar 2017 19:27:01 GMT',
48 verbose headers   via: '1.1 varnish',
48 verbose headers   connection: 'keep-alive',
48 verbose headers   'x-served-by': 'cache-lax8631-LAX',
48 verbose headers   'x-cache': 'MISS',
48 verbose headers   'x-cache-hits': '0',
48 verbose headers   'x-timer': 'S1488569221.383364,VS0,VE417',
48 verbose headers   vary: 'Accept-Encoding' }
49 verbose request invalidating /Users/shunjizhan/.npm/registry.npmjs.org/react-folder-tree on PUT
50 error publish Failed PUT 403
51 verbose stack Error: "You cannot publish over the previously published version 1.3.0." : react-folder-tree
51 verbose stack     at makeError (/usr/local/lib/node_modules/npm/node_modules/npm-registry-client/lib/request.js:302:12)
51 verbose stack     at CachingRegistryClient.<anonymous> (/usr/local/lib/node_modules/npm/node_modules/npm-registry-client/lib/request.js:290:14)
51 verbose stack     at Request._callback (/usr/local/lib/node_modules/npm/node_modules/npm-registry-client/lib/request.js:210:14)
51 verbose stack     at Request.self.callback (/usr/local/lib/node_modules/npm/node_modules/request/request.js:186:22)
51 verbose stack     at emitTwo (events.js:106:13)
51 verbose stack     at Request.emit (events.js:191:7)
51 verbose stack     at Request.<anonymous> (/usr/local/lib/node_modules/npm/node_modules/request/request.js:1081:10)
51 verbose stack     at emitOne (events.js:96:13)
51 verbose stack     at Request.emit (events.js:188:7)
51 verbose stack     at IncomingMessage.<anonymous> (/usr/local/lib/node_modules/npm/node_modules/request/request.js:1001:12)
52 verbose statusCode 403
53 verbose pkgid react-folder-tree
54 verbose cwd /Users/shunjizhan/projects/React-Folder-Tree
55 error Darwin 16.4.0
56 error argv "/usr/local/Cellar/node/7.4.0/bin/node" "/usr/local/bin/npm" "publish"
57 error node v7.4.0
58 error npm  v4.0.5
59 error code E403
60 error "You cannot publish over the previously published version 1.3.0." : react-folder-tree
61 error If you need help, you may report this error at:
61 error     <https://github.com/npm/npm/issues>
62 verbose exit [ 1, true ]
